Dropped all tables successfully.
Migration table created successfully.
Migrating: 2014_10_12_000000_create_users_table
Migrated:  2014_10_12_000000_create_users_table (0.08 seconds)
Migrating: 2019_08_19_000000_create_failed_jobs_table
Migrated:  2019_08_19_000000_create_failed_jobs_table (0.02 seconds)
Database seeding completed successfully.
Dropped all tables successfully.
Migration table created successfully.
Migrating: 2014_10_12_000000_create_users_table
Migrated:  2014_10_12_000000_create_users_table (0.08 seconds)
Migrating: 2014_10_12_100000_create_password_resets_table
Migrated:  2014_10_12_100000_create_password_resets_table (0.05 seconds)
Migrating: 2019_08_19_000000_create_failed_jobs_table
Migrated:  2019_08_19_000000_create_failed_jobs_table (0.03 seconds)
Migrating: 2020_03_08_201343_create_hotel_tables
Migrated:  2020_03_08_201343_create_hotel_tables (1.09 seconds)
Seeding: HotelSeeder
Seeded:  HotelSeeder (0.13 seconds)
Database seeding completed successfully.
Dropped all tables successfully.
Migration table created successfully.
Migrating: 2014_10_12_000000_create_users_table
Migrated:  2014_10_12_000000_create_users_table (0.12 seconds)
Migrating: 2014_10_12_100000_create_password_resets_table
Migrated:  2014_10_12_100000_create_password_resets_table (0.06 seconds)
Migrating: 2019_08_19_000000_create_failed_jobs_table
Migrated:  2019_08_19_000000_create_failed_jobs_table (0.05 seconds)
Migrating: 2020_03_08_201343_create_hotel_tables
Migrated:  2020_03_08_201343_create_hotel_tables (0.79 seconds)
Seeding: HotelSeeder
Seeded:  HotelSeeder (0.34 seconds)
Database seeding completed successfully.
Dropped all tables successfully.
Migration table created successfully.
Migrating: 2014_10_12_000000_create_users_table
Migrated:  2014_10_12_000000_create_users_table (0.14 seconds)
Migrating: 2014_10_12_100000_create_password_resets_table
Migrated:  2014_10_12_100000_create_password_resets_table (0.08 seconds)
Migrating: 2019_08_19_000000_create_failed_jobs_table
Migrated:  2019_08_19_000000_create_failed_jobs_table (0.05 seconds)
Migrating: 2020_03_08_201343_create_hotel_tables
Migrated:  2020_03_08_201343_create_hotel_tables (0.88 seconds)
Seeding: HotelSeeder
Seeded:  HotelSeeder (0.33 seconds)
Database seeding completed successfully.
